# JRE version: OpenJDK Runtime Environment (8.0_242-b01) (build 1.8.0_242-release-1644-b01)
# Java VM: OpenJDK 64-Bit Server VM (25.242-b01 mixed mode windows-amd64 compressed oops)
Heap:
 PSYoungGen      total 637952K, used 471885K [0x00000000d5580000, 0x00000000ffd80000, 0x0000000100000000)
  eden space 580608K, 77% used [0x00000000d5580000,0x00000000f0adc390,0x00000000f8c80000)
  from space 57344K, 41% used [0x00000000f8c80000,0x00000000fa3f7170,0x00000000fc480000)
  to   space 54272K, 0% used [0x00000000fc880000,0x00000000fc880000,0x00000000ffd80000)
 ParOldGen       total 274432K, used 83817K [0x0000000080000000, 0x0000000090c00000, 0x00000000d5580000)
  object space 274432K, 30% used [0x0000000080000000,0x00000000851da4a0,0x0000000090c00000)
 Metaspace       used 99263K, capacity 104872K, committed 105176K, reserved 1140736K
  class space    used 13137K, capacity 14232K, committed 14336K, reserved 1048576K
GC Heap History (10 events):
Event: 174.524 GC heap before
{Heap before GC invocations=15 (full 3):
 PSYoungGen      total 450560K, used 445290K [0x00000000d5580000, 0x00000000f9300000, 0x0000000100000000)
  eden space 415232K, 100% used [0x00000000d5580000,0x00000000eeb00000,0x00000000eeb00000)
  from space 35328K, 85% used [0x00000000eeb00000,0x00000000f085aa50,0x00000000f0d80000)
  to   space 38400K, 0% used [0x00000000f6d80000,0x00000000f6d80000,0x00000000f9300000)
 ParOldGen       total 204288K, used 45074K [0x0000000080000000, 0x000000008c780000, 0x00000000d5580000)
  object space 204288K, 22% used [0x0000000080000000,0x0000000082c04a00,0x000000008c780000)
 Metaspace       used 89357K, capacity 94130K, committed 94296K, reserved 1130496K
  class space    used 11899K, capacity 12851K, committed 12928K, reserved 1048576K
Event: 174.565 GC heap after
Heap after GC invocations=15 (full 3):
 PSYoungGen      total 532480K, used 38377K [0x00000000d5580000, 0x00000000f9400000, 0x0000000100000000)
  eden space 494080K, 0% used [0x00000000d5580000,0x00000000d5580000,0x00000000f3800000)
  from space 38400K, 99% used [0x00000000f6d80000,0x00000000f92fa548,0x00000000f9300000)
  to   space 47104K, 0% used [0x00000000f3800000,0x00000000f3800000,0x00000000f6600000)
 ParOldGen       total 204288K, used 53033K [0x0000000080000000, 0x000000008c780000, 0x00000000d5580000)
  object space 204288K, 25% used [0x0000000080000000,0x00000000833ca5b8,0x000000008c780000)
 Metaspace       used 89357K, capacity 94130K, committed 94296K, reserved 1130496K
  class space    used 11899K, capacity 12851K, committed 12928K, reserved 1048576K
}
Event: 178.249 GC heap before
{Heap before GC invocations=16 (full 3):
 PSYoungGen      total 532480K, used 346189K [0x00000000d5580000, 0x00000000f9400000, 0x0000000100000000)
  eden space 494080K, 62% used [0x00000000d5580000,0x00000000e8219008,0x00000000f3800000)
  from space 38400K, 99% used [0x00000000f6d80000,0x00000000f92fa548,0x00000000f9300000)
  to   space 47104K, 0% used [0x00000000f3800000,0x00000000f3800000,0x00000000f6600000)
 ParOldGen       total 204288K, used 53033K [0x0000000080000000, 0x000000008c780000, 0x00000000d5580000)
  object space 204288K, 25% used [0x0000000080000000,0x00000000833ca5b8,0x000000008c780000)
 Metaspace       used 92916K, capacity 98410K, committed 98636K, reserved 1134592K
  class space    used 12367K, capacity 13421K, committed 13440K, reserved 1048576K
Event: 178.299 GC heap after
Heap after GC invocations=16 (full 3):
 PSYoungGen      total 541184K, used 45486K [0x00000000d5580000, 0x00000000ff900000, 0x0000000100000000)
  eden space 494080K, 0% used [0x00000000d5580000,0x00000000d5580000,0x00000000f3800000)
  from space 47104K, 96% used [0x00000000f3800000,0x00000000f646b970,0x00000000f6600000)
  to   space 53760K, 0% used [0x00000000fc480000,0x00000000fc480000,0x00000000ff900000)
 ParOldGen       total 204288K, used 72199K [0x0000000080000000, 0x000000008c780000, 0x00000000d5580000)
  object space 204288K, 35% used [0x0000000080000000,0x0000000084681c48,0x000000008c780000)
 Metaspace       used 92916K, capacity 98410K, committed 98636K, reserved 1134592K
  class space    used 12367K, capacity 13421K, committed 13440K, reserved 1048576K
}
Event: 178.333 GC heap before
{Heap before GC invocations=17 (full 3):
 PSYoungGen      total 541184K, used 56638K [0x00000000d5580000, 0x00000000ff900000, 0x0000000100000000)
  eden space 494080K, 2% used [0x00000000d5580000,0x00000000d6063ec0,0x00000000f3800000)
  from space 47104K, 96% used [0x00000000f3800000,0x00000000f646b970,0x00000000f6600000)
  to   space 53760K, 0% used [0x00000000fc480000,0x00000000fc480000,0x00000000ff900000)
 ParOldGen       total 204288K, used 72199K [0x0000000080000000, 0x000000008c780000, 0x00000000d5580000)
  object space 204288K, 35% used [0x0000000080000000,0x0000000084681c48,0x000000008c780000)
 Metaspace       used 93179K, capacity 98618K, committed 98712K, reserved 1134592K
  class space    used 12385K, capacity 13421K, committed 13440K, reserved 1048576K
Event: 178.364 GC heap after
Heap after GC invocations=17 (full 3):
 PSYoungGen      total 634368K, used 41154K [0x00000000d5580000, 0x0000000100000000, 0x0000000100000000)
  eden space 580608K, 0% used [0x00000000d5580000,0x00000000d5580000,0x00000000f8c80000)
  from space 53760K, 76% used [0x00000000fc480000,0x00000000fecb0b30,0x00000000ff900000)
  to   space 57344K, 0% used [0x00000000f8c80000,0x00000000f8c80000,0x00000000fc480000)
 ParOldGen       total 204288K, used 72207K [0x0000000080000000, 0x000000008c780000, 0x00000000d5580000)
  object space 204288K, 35% used [0x0000000080000000,0x0000000084683c48,0x000000008c780000)
 Metaspace       used 93179K, capacity 98618K, committed 98712K, reserved 1134592K
  class space    used 12385K, capacity 13421K, committed 13440K, reserved 1048576K
}
Event: 178.364 GC heap before
{Heap before GC invocations=18 (full 4):
 PSYoungGen      total 634368K, used 41154K [0x00000000d5580000, 0x0000000100000000, 0x0000000100000000)
  eden space 580608K, 0% used [0x00000000d5580000,0x00000000d5580000,0x00000000f8c80000)
  from space 53760K, 76% used [0x00000000fc480000,0x00000000fecb0b30,0x00000000ff900000)
  to   space 57344K, 0% used [0x00000000f8c80000,0x00000000f8c80000,0x00000000fc480000)
 ParOldGen       total 204288K, used 72207K [0x0000000080000000, 0x000000008c780000, 0x00000000d5580000)
  object space 204288K, 35% used [0x0000000080000000,0x0000000084683c48,0x000000008c780000)
 Metaspace       used 93179K, capacity 98618K, committed 98712K, reserved 1134592K
  class space    used 12385K, capacity 13421K, committed 13440K, reserved 1048576K
Event: 178.569 GC heap after
Heap after GC invocations=18 (full 4):
 PSYoungGen      total 634368K, used 0K [0x00000000d5580000, 0x0000000100000000, 0x0000000100000000)
  eden space 580608K, 0% used [0x00000000d5580000,0x00000000d5580000,0x00000000f8c80000)
  from space 53760K, 0% used [0x00000000fc480000,0x00000000fc480000,0x00000000ff900000)
  to   space 57344K, 0% used [0x00000000f8c80000,0x00000000f8c80000,0x00000000fc480000)
 ParOldGen       total 274432K, used 83809K [0x0000000080000000, 0x0000000090c00000, 0x00000000d5580000)
  object space 274432K, 30% used [0x0000000080000000,0x00000000851d84a0,0x0000000090c00000)
 Metaspace       used 92681K, capacity 97142K, committed 98712K, reserved 1134592K
  class space    used 12223K, capacity 13133K, committed 13440K, reserved 1048576K
}
Event: 180.172 GC heap before
{Heap before GC invocations=19 (full 4):
 PSYoungGen      total 634368K, used 580608K [0x00000000d5580000, 0x0000000100000000, 0x0000000100000000)
  eden space 580608K, 100% used [0x00000000d5580000,0x00000000f8c80000,0x00000000f8c80000)
  from space 53760K, 0% used [0x00000000fc480000,0x00000000fc480000,0x00000000ff900000)
  to   space 57344K, 0% used [0x00000000f8c80000,0x00000000f8c80000,0x00000000fc480000)
 ParOldGen       total 274432K, used 83809K [0x0000000080000000, 0x0000000090c00000, 0x00000000d5580000)
  object space 274432K, 30% used [0x0000000080000000,0x00000000851d84a0,0x0000000090c00000)
 Metaspace       used 98668K, capacity 104214K, committed 104408K, reserved 1138688K
  class space    used 13131K, capacity 14225K, committed 14336K, reserved 1048576K
Event: 180.206 GC heap after
Heap after GC invocations=19 (full 4):
 PSYoungGen      total 637952K, used 24028K [0x00000000d5580000, 0x00000000ffd80000, 0x0000000100000000)
  eden space 580608K, 0% used [0x00000000d5580000,0x00000000d5580000,0x00000000f8c80000)
  from space 57344K, 41% used [0x00000000f8c80000,0x00000000fa3f7170,0x00000000fc480000)
  to   space 54272K, 0% used [0x00000000fc880000,0x00000000fc880000,0x00000000ffd80000)
 ParOldGen       total 274432K, used 83817K [0x0000000080000000, 0x0000000090c00000, 0x00000000d5580000)
  object space 274432K, 30% used [0x0000000080000000,0x00000000851da4a0,0x0000000090c00000)
 Metaspace       used 98668K, capacity 104214K, committed 104408K, reserved 1138688K
  class space    used 13131K, capacity 14225K, committed 14336K, reserved 1048576K
}

