# JRE version: OpenJDK Runtime Environment (8.0_242-b01) (build 1.8.0_242-release-1644-b01)
# Java VM: OpenJDK 64-Bit Server VM (25.242-b01 mixed mode windows-amd64 compressed oops)
Heap:
 PSYoungGen      total 664064K, used 48918K [0x00000000d5580000, 0x0000000100000000, 0x0000000100000000)
  eden space 627200K, 5% used [0x00000000d5580000,0x00000000d7613e40,0x00000000fba00000)
  from space 36864K, 42% used [0x00000000fdc00000,0x00000000feb31ba8,0x0000000100000000)
  to   space 34816K, 0% used [0x00000000fba00000,0x00000000fba00000,0x00000000fdc00000)
 ParOldGen       total 210432K, used 185943K [0x0000000080000000, 0x000000008cd80000, 0x00000000d5580000)
  object space 210432K, 88% used [0x0000000080000000,0x000000008b595e70,0x000000008cd80000)
 Metaspace       used 76276K, capacity 81862K, committed 81944K, reserved 1120256K
  class space    used 10557K, capacity 11564K, committed 11568K, reserved 1048576K
GC Heap History (10 events):
Event: 16.924 GC heap before
{Heap before GC invocations=25 (full 3):
 PSYoungGen      total 651776K, used 620954K [0x00000000d5580000, 0x00000000fff00000, 0x0000000100000000)
  eden space 610816K, 100% used [0x00000000d5580000,0x00000000faa00000,0x00000000faa00000)
  from space 40960K, 24% used [0x00000000faa00000,0x00000000fb3e6830,0x00000000fd200000)
  to   space 38912K, 0% used [0x00000000fd900000,0x00000000fd900000,0x00000000fff00000)
 ParOldGen       total 210432K, used 165918K [0x0000000080000000, 0x000000008cd80000, 0x00000000d5580000)
  object space 210432K, 78% used [0x0000000080000000,0x000000008a2079f8,0x000000008cd80000)
 Metaspace       used 76188K, capacity 81790K, committed 81944K, reserved 1120256K
  class space    used 10556K, capacity 11564K, committed 11568K, reserved 1048576K
Event: 16.946 GC heap after
Heap after GC invocations=25 (full 3):
 PSYoungGen      total 651776K, used 13800K [0x00000000d5580000, 0x00000000ff900000, 0x0000000100000000)
  eden space 619008K, 0% used [0x00000000d5580000,0x00000000d5580000,0x00000000fb200000)
  from space 32768K, 42% used [0x00000000fd900000,0x00000000fe67a1b0,0x00000000ff900000)
  to   space 36352K, 0% used [0x00000000fb200000,0x00000000fb200000,0x00000000fd580000)
 ParOldGen       total 210432K, used 171970K [0x0000000080000000, 0x000000008cd80000, 0x00000000d5580000)
  object space 210432K, 81% used [0x0000000080000000,0x000000008a7f09b0,0x000000008cd80000)
 Metaspace       used 76188K, capacity 81790K, committed 81944K, reserved 1120256K
  class space    used 10556K, capacity 11564K, committed 11568K, reserved 1048576K
}
Event: 17.780 GC heap before
{Heap before GC invocations=26 (full 3):
 PSYoungGen      total 651776K, used 632808K [0x00000000d5580000, 0x00000000ff900000, 0x0000000100000000)
  eden space 619008K, 100% used [0x00000000d5580000,0x00000000fb200000,0x00000000fb200000)
  from space 32768K, 42% used [0x00000000fd900000,0x00000000fe67a1b0,0x00000000ff900000)
  to   space 36352K, 0% used [0x00000000fb200000,0x00000000fb200000,0x00000000fd580000)
 ParOldGen       total 210432K, used 171970K [0x0000000080000000, 0x000000008cd80000, 0x00000000d5580000)
  object space 210432K, 81% used [0x0000000080000000,0x000000008a7f09b0,0x000000008cd80000)
 Metaspace       used 76202K, capacity 81790K, committed 81944K, reserved 1120256K
  class space    used 10557K, capacity 11564K, committed 11568K, reserved 1048576K
Event: 17.796 GC heap after
Heap after GC invocations=26 (full 3):
 PSYoungGen      total 655360K, used 5616K [0x00000000d5580000, 0x0000000100000000, 0x0000000100000000)
  eden space 619008K, 0% used [0x00000000d5580000,0x00000000d5580000,0x00000000fb200000)
  from space 36352K, 15% used [0x00000000fb200000,0x00000000fb77c010,0x00000000fd580000)
  to   space 35328K, 0% used [0x00000000fdd80000,0x00000000fdd80000,0x0000000100000000)
 ParOldGen       total 210432K, used 182431K [0x0000000080000000, 0x000000008cd80000, 0x00000000d5580000)
  object space 210432K, 86% used [0x0000000080000000,0x000000008b227e50,0x000000008cd80000)
 Metaspace       used 76202K, capacity 81790K, committed 81944K, reserved 1120256K
  class space    used 10557K, capacity 11564K, committed 11568K, reserved 1048576K
}
Event: 18.686 GC heap before
{Heap before GC invocations=27 (full 3):
 PSYoungGen      total 655360K, used 624624K [0x00000000d5580000, 0x0000000100000000, 0x0000000100000000)
  eden space 619008K, 100% used [0x00000000d5580000,0x00000000fb200000,0x00000000fb200000)
  from space 36352K, 15% used [0x00000000fb200000,0x00000000fb77c010,0x00000000fd580000)
  to   space 35328K, 0% used [0x00000000fdd80000,0x00000000fdd80000,0x0000000100000000)
 ParOldGen       total 210432K, used 182431K [0x0000000080000000, 0x000000008cd80000, 0x00000000d5580000)
  object space 210432K, 86% used [0x0000000080000000,0x000000008b227e50,0x000000008cd80000)
 Metaspace       used 76248K, capacity 81794K, committed 81944K, reserved 1120256K
  class space    used 10557K, capacity 11564K, committed 11568K, reserved 1048576K
Event: 18.708 GC heap after
Heap after GC invocations=27 (full 3):
 PSYoungGen      total 662528K, used 19708K [0x00000000d5580000, 0x0000000100000000, 0x0000000100000000)
  eden space 627200K, 0% used [0x00000000d5580000,0x00000000d5580000,0x00000000fba00000)
  from space 35328K, 55% used [0x00000000fdd80000,0x00000000ff0bf1f8,0x0000000100000000)
  to   space 35840K, 0% used [0x00000000fba00000,0x00000000fba00000,0x00000000fdd00000)
 ParOldGen       total 210432K, used 182439K [0x0000000080000000, 0x000000008cd80000, 0x00000000d5580000)
  object space 210432K, 86% used [0x0000000080000000,0x000000008b229e50,0x000000008cd80000)
 Metaspace       used 76248K, capacity 81794K, committed 81944K, reserved 1120256K
  class space    used 10557K, capacity 11564K, committed 11568K, reserved 1048576K
}
Event: 19.183 GC heap before
{Heap before GC invocations=28 (full 3):
 PSYoungGen      total 662528K, used 646908K [0x00000000d5580000, 0x0000000100000000, 0x0000000100000000)
  eden space 627200K, 100% used [0x00000000d5580000,0x00000000fba00000,0x00000000fba00000)
  from space 35328K, 55% used [0x00000000fdd80000,0x00000000ff0bf1f8,0x0000000100000000)
  to   space 35840K, 0% used [0x00000000fba00000,0x00000000fba00000,0x00000000fdd00000)
 ParOldGen       total 210432K, used 182439K [0x0000000080000000, 0x000000008cd80000, 0x00000000d5580000)
  object space 210432K, 86% used [0x0000000080000000,0x000000008b229e50,0x000000008cd80000)
 Metaspace       used 76256K, capacity 81798K, committed 81944K, reserved 1120256K
  class space    used 10557K, capacity 11564K, committed 11568K, reserved 1048576K
Event: 19.203 GC heap after
Heap after GC invocations=28 (full 3):
 PSYoungGen      total 648704K, used 21428K [0x00000000d5580000, 0x0000000100000000, 0x0000000100000000)
  eden space 627200K, 0% used [0x00000000d5580000,0x00000000d5580000,0x00000000fba00000)
  from space 21504K, 99% used [0x00000000fba00000,0x00000000fceed000,0x00000000fcf00000)
  to   space 36864K, 0% used [0x00000000fdc00000,0x00000000fdc00000,0x0000000100000000)
 ParOldGen       total 210432K, used 182439K [0x0000000080000000, 0x000000008cd80000, 0x00000000d5580000)
  object space 210432K, 86% used [0x0000000080000000,0x000000008b229e50,0x000000008cd80000)
 Metaspace       used 76256K, capacity 81798K, committed 81944K, reserved 1120256K
  class space    used 10557K, capacity 11564K, committed 11568K, reserved 1048576K
}
Event: 20.967 GC heap before
{Heap before GC invocations=29 (full 3):
 PSYoungGen      total 648704K, used 648628K [0x00000000d5580000, 0x0000000100000000, 0x0000000100000000)
  eden space 627200K, 100% used [0x00000000d5580000,0x00000000fba00000,0x00000000fba00000)
  from space 21504K, 99% used [0x00000000fba00000,0x00000000fceed000,0x00000000fcf00000)
  to   space 36864K, 0% used [0x00000000fdc00000,0x00000000fdc00000,0x0000000100000000)
 ParOldGen       total 210432K, used 182439K [0x0000000080000000, 0x000000008cd80000, 0x00000000d5580000)
  object space 210432K, 86% used [0x0000000080000000,0x000000008b229e50,0x000000008cd80000)
 Metaspace       used 76268K, capacity 81862K, committed 81944K, reserved 1120256K
  class space    used 10557K, capacity 11564K, committed 11568K, reserved 1048576K
Event: 20.987 GC heap after
Heap after GC invocations=29 (full 3):
 PSYoungGen      total 664064K, used 15558K [0x00000000d5580000, 0x0000000100000000, 0x0000000100000000)
  eden space 627200K, 0% used [0x00000000d5580000,0x00000000d5580000,0x00000000fba00000)
  from space 36864K, 42% used [0x00000000fdc00000,0x00000000feb31ba8,0x0000000100000000)
  to   space 34816K, 0% used [0x00000000fba00000,0x00000000fba00000,0x00000000fdc00000)
 ParOldGen       total 210432K, used 185943K [0x0000000080000000, 0x000000008cd80000, 0x00000000d5580000)
  object space 210432K, 88% used [0x0000000080000000,0x000000008b595e70,0x000000008cd80000)
 Metaspace       used 76268K, capacity 81862K, committed 81944K, reserved 1120256K
  class space    used 10557K, capacity 11564K, committed 11568K, reserved 1048576K
}

