# JRE version: OpenJDK Runtime Environment (8.0_242-b01) (build 1.8.0_242-release-1644-b01)
# Java VM: OpenJDK 64-Bit Server VM (25.242-b01 mixed mode windows-amd64 compressed oops)
Heap:
 PSYoungGen      total 651776K, used 151866K [0x00000000d5580000, 0x0000000100000000, 0x0000000100000000)
  eden space 614912K, 18% used [0x00000000d5580000,0x00000000dc77dbb0,0x00000000fae00000)
  from space 36864K, 95% used [0x00000000fdc00000,0x00000000ffe50cd0,0x0000000100000000)
  to   space 41984K, 0% used [0x00000000fae00000,0x00000000fae00000,0x00000000fd700000)
 ParOldGen       total 211456K, used 147446K [0x0000000080000000, 0x000000008ce80000, 0x00000000d5580000)
  object space 211456K, 69% used [0x0000000080000000,0x0000000088ffd880,0x000000008ce80000)
 Metaspace       used 87032K, capacity 92060K, committed 92120K, reserved 1128448K
  class space    used 11541K, capacity 12534K, committed 12544K, reserved 1048576K
GC Heap History (10 events):
Event: 19.337 GC heap before
{Heap before GC invocations=21 (full 3):
 PSYoungGen      total 425984K, used 390692K [0x00000000d5580000, 0x00000000f8600000, 0x0000000100000000)
  eden space 385024K, 100% used [0x00000000d5580000,0x00000000ecd80000,0x00000000ecd80000)
  from space 40960K, 13% used [0x00000000ecd80000,0x00000000ed3092e0,0x00000000ef580000)
  to   space 40960K, 0% used [0x00000000f5e00000,0x00000000f5e00000,0x00000000f8600000)
 ParOldGen       total 211456K, used 114128K [0x0000000080000000, 0x000000008ce80000, 0x00000000d5580000)
  object space 211456K, 53% used [0x0000000080000000,0x0000000086f74368,0x000000008ce80000)
 Metaspace       used 78568K, capacity 83052K, committed 83288K, reserved 1120256K
  class space    used 10690K, capacity 11542K, committed 11648K, reserved 1048576K
Event: 19.349 GC heap after
Heap after GC invocations=21 (full 3):
 PSYoungGen      total 522752K, used 12253K [0x00000000d5580000, 0x00000000f7f80000, 0x0000000100000000)
  eden space 488448K, 0% used [0x00000000d5580000,0x00000000d5580000,0x00000000f3280000)
  from space 34304K, 35% used [0x00000000f5e00000,0x00000000f69f76b8,0x00000000f7f80000)
  to   space 39424K, 0% used [0x00000000f3280000,0x00000000f3280000,0x00000000f5900000)
 ParOldGen       total 211456K, used 119631K [0x0000000080000000, 0x000000008ce80000, 0x00000000d5580000)
  object space 211456K, 56% used [0x0000000080000000,0x00000000874d3c78,0x000000008ce80000)
 Metaspace       used 78568K, capacity 83052K, committed 83288K, reserved 1120256K
  class space    used 10690K, capacity 11542K, committed 11648K, reserved 1048576K
}
Event: 19.752 GC heap before
{Heap before GC invocations=22 (full 3):
 PSYoungGen      total 522752K, used 500701K [0x00000000d5580000, 0x00000000f7f80000, 0x0000000100000000)
  eden space 488448K, 100% used [0x00000000d5580000,0x00000000f3280000,0x00000000f3280000)
  from space 34304K, 35% used [0x00000000f5e00000,0x00000000f69f76b8,0x00000000f7f80000)
  to   space 39424K, 0% used [0x00000000f3280000,0x00000000f3280000,0x00000000f5900000)
 ParOldGen       total 211456K, used 119631K [0x0000000080000000, 0x000000008ce80000, 0x00000000d5580000)
  object space 211456K, 56% used [0x0000000080000000,0x00000000874d3c78,0x000000008ce80000)
 Metaspace       used 78576K, capacity 83052K, committed 83288K, reserved 1120256K
  class space    used 10690K, capacity 11542K, committed 11648K, reserved 1048576K
Event: 19.762 GC heap after
Heap after GC invocations=22 (full 3):
 PSYoungGen      total 527872K, used 5358K [0x00000000d5580000, 0x00000000ff780000, 0x0000000100000000)
  eden space 488448K, 0% used [0x00000000d5580000,0x00000000d5580000,0x00000000f3280000)
  from space 39424K, 13% used [0x00000000f3280000,0x00000000f37bba58,0x00000000f5900000)
  to   space 39424K, 0% used [0x00000000fd100000,0x00000000fd100000,0x00000000ff780000)
 ParOldGen       total 211456K, used 125312K [0x0000000080000000, 0x000000008ce80000, 0x00000000d5580000)
  object space 211456K, 59% used [0x0000000080000000,0x0000000087a601e8,0x000000008ce80000)
 Metaspace       used 78576K, capacity 83052K, committed 83288K, reserved 1120256K
  class space    used 10690K, capacity 11542K, committed 11648K, reserved 1048576K
}
Event: 20.282 GC heap before
{Heap before GC invocations=23 (full 3):
 PSYoungGen      total 527872K, used 493806K [0x00000000d5580000, 0x00000000ff780000, 0x0000000100000000)
  eden space 488448K, 100% used [0x00000000d5580000,0x00000000f3280000,0x00000000f3280000)
  from space 39424K, 13% used [0x00000000f3280000,0x00000000f37bba58,0x00000000f5900000)
  to   space 39424K, 0% used [0x00000000fd100000,0x00000000fd100000,0x00000000ff780000)
 ParOldGen       total 211456K, used 125312K [0x0000000080000000, 0x000000008ce80000, 0x00000000d5580000)
  object space 211456K, 59% used [0x0000000080000000,0x0000000087a601e8,0x000000008ce80000)
 Metaspace       used 78576K, capacity 83052K, committed 83288K, reserved 1120256K
  class space    used 10690K, capacity 11542K, committed 11648K, reserved 1048576K
Event: 20.291 GC heap after
Heap after GC invocations=23 (full 3):
 PSYoungGen      total 631296K, used 5363K [0x00000000d5580000, 0x00000000fed80000, 0x0000000100000000)
  eden space 602112K, 0% used [0x00000000d5580000,0x00000000d5580000,0x00000000fa180000)
  from space 29184K, 18% used [0x00000000fd100000,0x00000000fd63cc30,0x00000000fed80000)
  to   space 38912K, 0% used [0x00000000fa180000,0x00000000fa180000,0x00000000fc780000)
 ParOldGen       total 211456K, used 130556K [0x0000000080000000, 0x000000008ce80000, 0x00000000d5580000)
  object space 211456K, 61% used [0x0000000080000000,0x0000000087f7f2d0,0x000000008ce80000)
 Metaspace       used 78576K, capacity 83052K, committed 83288K, reserved 1120256K
  class space    used 10690K, capacity 11542K, committed 11648K, reserved 1048576K
}
Event: 21.477 GC heap before
{Heap before GC invocations=24 (full 3):
 PSYoungGen      total 631296K, used 607475K [0x00000000d5580000, 0x00000000fed80000, 0x0000000100000000)
  eden space 602112K, 100% used [0x00000000d5580000,0x00000000fa180000,0x00000000fa180000)
  from space 29184K, 18% used [0x00000000fd100000,0x00000000fd63cc30,0x00000000fed80000)
  to   space 38912K, 0% used [0x00000000fa180000,0x00000000fa180000,0x00000000fc780000)
 ParOldGen       total 211456K, used 130556K [0x0000000080000000, 0x000000008ce80000, 0x00000000d5580000)
  object space 211456K, 61% used [0x0000000080000000,0x0000000087f7f2d0,0x000000008ce80000)
 Metaspace       used 79377K, capacity 83840K, committed 84056K, reserved 1122304K
  class space    used 10741K, capacity 11586K, committed 11648K, reserved 1048576K
Event: 21.490 GC heap after
Heap after GC invocations=24 (full 3):
 PSYoungGen      total 641024K, used 15938K [0x00000000d5580000, 0x0000000100000000, 0x0000000100000000)
  eden space 602112K, 0% used [0x00000000d5580000,0x00000000d5580000,0x00000000fa180000)
  from space 38912K, 40% used [0x00000000fa180000,0x00000000fb110bb0,0x00000000fc780000)
  to   space 36864K, 0% used [0x00000000fdc00000,0x00000000fdc00000,0x0000000100000000)
 ParOldGen       total 211456K, used 135689K [0x0000000080000000, 0x000000008ce80000, 0x00000000d5580000)
  object space 211456K, 64% used [0x0000000080000000,0x00000000884825b8,0x000000008ce80000)
 Metaspace       used 79377K, capacity 83840K, committed 84056K, reserved 1122304K
  class space    used 10741K, capacity 11586K, committed 11648K, reserved 1048576K
}
Event: 66.270 GC heap before
{Heap before GC invocations=25 (full 3):
 PSYoungGen      total 641024K, used 618050K [0x00000000d5580000, 0x0000000100000000, 0x0000000100000000)
  eden space 602112K, 100% used [0x00000000d5580000,0x00000000fa180000,0x00000000fa180000)
  from space 38912K, 40% used [0x00000000fa180000,0x00000000fb110bb0,0x00000000fc780000)
  to   space 36864K, 0% used [0x00000000fdc00000,0x00000000fdc00000,0x0000000100000000)
 ParOldGen       total 211456K, used 135689K [0x0000000080000000, 0x000000008ce80000, 0x00000000d5580000)
  object space 211456K, 64% used [0x0000000080000000,0x00000000884825b8,0x000000008ce80000)
 Metaspace       used 86865K, capacity 91970K, committed 92120K, reserved 1128448K
  class space    used 11533K, capacity 12533K, committed 12544K, reserved 1048576K
Event: 66.321 GC heap after
Heap after GC invocations=25 (full 3):
 PSYoungGen      total 651776K, used 35139K [0x00000000d5580000, 0x0000000100000000, 0x0000000100000000)
  eden space 614912K, 0% used [0x00000000d5580000,0x00000000d5580000,0x00000000fae00000)
  from space 36864K, 95% used [0x00000000fdc00000,0x00000000ffe50cd0,0x0000000100000000)
  to   space 41984K, 0% used [0x00000000fae00000,0x00000000fae00000,0x00000000fd700000)
 ParOldGen       total 211456K, used 147446K [0x0000000080000000, 0x000000008ce80000, 0x00000000d5580000)
  object space 211456K, 69% used [0x0000000080000000,0x0000000088ffd880,0x000000008ce80000)
 Metaspace       used 86865K, capacity 91970K, committed 92120K, reserved 1128448K
  class space    used 11533K, capacity 12533K, committed 12544K, reserved 1048576K
}

